<?xml version="1.0" encoding="UTF-8"?>
<testng-results ignored="0" total="1" passed="1" failed="0" skipped="0">
  <reporter-output>
  </reporter-output>
  <suite started-at="2024-01-09T13:25:08 IST" name="Surefire suite" finished-at="2024-01-09T13:25:08 IST" duration-ms="62">
    <groups>
    </groups>
    <test started-at="2024-01-09T13:25:08 IST" name="Surefire test" finished-at="2024-01-09T13:25:08 IST" duration-ms="62">
      <class name="com.testing.banking_selenium_testing.AppTest">
        <test-method signature="testApp()" started-at="2024-01-09T13:25:08 IST" name="testApp" finished-at="2024-01-09T13:25:08 IST" duration-ms="15" status="PASS">
          <reporter-output>
          </reporter-output>
        </test-method> <!-- testApp -->
      </class> <!-- com.testing.banking_selenium_testing.AppTest -->
    </test> <!-- Surefire test -->
  </suite> <!-- Surefire suite -->
</testng-results>
